<?xml version="1.0" encoding="UTF-8"?>
<!-- Generated by org.testng.reporters.JUnitReportReporter -->
<testsuite name="qaquickacademy.MavenJava.SeleniumTest" tests="2" time="0.003" ignored="0" failures="0" timestamp="23 Jul 2020 09:35:21 GMT" skipped="0" hostname="DESKTOP-QPDHJMK" errors="0">
  <testcase name="elementsUI" time="0.002" classname="qaquickacademy.MavenJava.SeleniumTest"/>
  <testcase name="webAutomation" time="0.001" classname="qaquickacademy.MavenJava.SeleniumTest"/>
</testsuite> <!-- qaquickacademy.MavenJava.SeleniumTest -->
