<?xml version="1.0" encoding="UTF-8"?>
<!-- Generated by org.testng.reporters.JUnitReportReporter -->
<testsuite name="qaquickacademy.MavenJava.AppiumTest" tests="2" time="0.002" ignored="0" failures="0" timestamp="23 Jul 2020 09:35:21 GMT" skipped="0" hostname="DESKTOP-QPDHJMK" errors="0">
  <testcase name="iosApp" time="0.001" classname="qaquickacademy.MavenJava.AppiumTest"/>
  <testcase name="nativeApp" time="0.001" classname="qaquickacademy.MavenJava.AppiumTest"/>
</testsuite> <!-- qaquickacademy.MavenJava.AppiumTest -->
