<?xml version="1.0" encoding="UTF-8"?>
<!-- Generated by org.testng.reporters.JUnitReportReporter -->
<testsuite skipped="0" hostname="DESKTOP-QPDHJMK" name="qaquickacademy.MavenJava.AppiumTest" tests="2" failures="0" timestamp="10 Jun 2020 21:14:29 GMT" time="0.001" errors="0">
  <testcase name="nativeApp" time="0.001" classname="qaquickacademy.MavenJava.AppiumTest"/>
  <testcase name="iosApp" time="0.000" classname="qaquickacademy.MavenJava.AppiumTest"/>
</testsuite> <!-- qaquickacademy.MavenJava.AppiumTest -->
