<?xml version="1.0" encoding="UTF-8"?>
<!-- Generated by org.testng.reporters.JUnitReportReporter -->
<testsuite skipped="0" hostname="DESKTOP-QPDHJMK" name="qaquickacademy.MavenJava.SeleniumTest" tests="2" failures="0" timestamp="10 Jun 2020 21:14:54 GMT" time="0.000" errors="0">
  <testcase name="webAutomation" time="0.000" classname="qaquickacademy.MavenJava.SeleniumTest"/>
  <testcase name="elementsUI" time="0.000" classname="qaquickacademy.MavenJava.SeleniumTest"/>
</testsuite> <!-- qaquickacademy.MavenJava.SeleniumTest -->
