<?xml version="1.0" encoding="UTF-8"?>
<!-- Generated by org.testng.reporters.JUnitReportReporter -->
<testsuite skipped="0" hostname="DESKTOP-QPDHJMK" name="qaquickacademy.MavenJava.RestAPITest" tests="2" failures="0" timestamp="10 Jun 2020 21:14:54 GMT" time="0.006" errors="0">
  <testcase name="postJira" time="0.000" classname="qaquickacademy.MavenJava.RestAPITest"/>
  <testcase name="deleteTwitter" time="0.006" classname="qaquickacademy.MavenJava.RestAPITest"/>
</testsuite> <!-- qaquickacademy.MavenJava.RestAPITest -->
